<?xml version="1.0" encoding="UTF-8"?>
<!-- Generated by org.testng.reporters.JUnitXMLReporter -->
<testsuite hostname="PTS-LDR-1091L66" ignored="0" name="Verify Cart Count after removing Products" tests="1" failures="1" timestamp="2022-03-27T22:33:25 CDT" time="49.577" errors="0">
  <testcase name="DeleteCart" time="26.848" classname="Assesment.FlipKart.RemoveFrmCartPLPTest">
    <failure type="org.openqa.selenium.ElementClickInterceptedException" message="element click intercepted: Element &amp;lt;div class=&amp;quot;_3dsJAO&amp;quot;&amp;gt;...&amp;lt;/div&amp;gt; is not clickable at point (347, 515). Other element would receive the click: &amp;lt;form method=&amp;quot;post&amp;quot; action=&amp;quot;https://www.flipkart.com/checkout/init?loginFlow=true&amp;quot;&amp;gt;...&amp;lt;/form&amp;gt;
  (Session info: chrome=97.0.4692.71)
Build info: version: &amp;apos;4.1.2&amp;apos;, revision: &amp;apos;9a5a329c5a&amp;apos;
System info: host: &amp;apos;PTS-LDR-1091L66&amp;apos;, ip: &amp;apos;192.168.0.103&amp;apos;, os.name: &amp;apos;Windows 10&amp;apos;, os.arch: &amp;apos;amd64&amp;apos;, os.version: &amp;apos;10.0&amp;apos;, java.version: &amp;apos;1.8.0_301&amp;apos;
Driver info: org.openqa.selenium.chrome.ChromeDriver
Command: [bd68c0293afbae1661660c436137858e, clickElement {id=b0dc8f45-cc7f-440f-8171-c1f06412feb9}]
Capabilities {acceptInsecureCerts: false, browserName: chrome, browserVersion: 97.0.4692.71, chrome: {chromedriverVersion: 97.0.4692.71 (adefa7837d02a..., userDataDir: C:\Users\sdharmy3\AppData\L...}, goog:chromeOptions: {debuggerAddress: localhost:62940}, javascriptEnabled: true, networkConnectionEnabled: false, pageLoadStrategy: normal, platform: WINDOWS, platformName: WINDOWS, proxy: Proxy(), se:cdp: ws://localhost:62940/devtoo..., se:cdpVersion: 97.0.4692.71, setWindowRect: true, strictFileInteractability: false, timeouts: {implicit: 0, pageLoad: 300000, script: 30000}, unhandledPromptBehavior: dismiss and notify, webauthn:extension:credBlob: true, webauthn:extension:largeBlob: true, webauthn:virtualAuthenticators: true}
Element: [[ChromeDriver: chrome on WINDOWS (bd68c0293afbae1661660c436137858e)] -&amp;gt; xpath: //div[@class=&amp;apos;_1YokD2 _3Mn1Gg col-12-12&amp;apos;] //div[@class=&amp;apos;_1AtVbE col-12-12&amp;apos;]/div //div[@class=&amp;apos;nZz3kj _1hNI6F&amp;apos;]/div[2]/div[2]]
Session ID: bd68c0293afbae1661660c436137858e">
      <![CDATA[org.openqa.selenium.ElementClickInterceptedException: element click intercepted: Element <div class="_3dsJAO">...</div> is not clickable at point (347, 515). Other element would receive the click: <form method="post" action="https://www.flipkart.com/checkout/init?loginFlow=true">...</form>
  (Session info: chrome=97.0.4692.71)
Build info: version: '4.1.2', revision: '9a5a329c5a'
System info: host: 'PTS-LDR-1091L66', ip: '192.168.0.103', os.name: 'Windows 10', os.arch: 'amd64', os.version: '10.0', java.version: '1.8.0_301'
Driver info: org.openqa.selenium.chrome.ChromeDriver
Command: [bd68c0293afbae1661660c436137858e, clickElement {id=b0dc8f45-cc7f-440f-8171-c1f06412feb9}]
Capabilities {acceptInsecureCerts: false, browserName: chrome, browserVersion: 97.0.4692.71, chrome: {chromedriverVersion: 97.0.4692.71 (adefa7837d02a..., userDataDir: C:\Users\sdharmy3\AppData\L...}, goog:chromeOptions: {debuggerAddress: localhost:62940}, javascriptEnabled: true, networkConnectionEnabled: false, pageLoadStrategy: normal, platform: WINDOWS, platformName: WINDOWS, proxy: Proxy(), se:cdp: ws://localhost:62940/devtoo..., se:cdpVersion: 97.0.4692.71, setWindowRect: true, strictFileInteractability: false, timeouts: {implicit: 0, pageLoad: 300000, script: 30000}, unhandledPromptBehavior: dismiss and notify, webauthn:extension:credBlob: true, webauthn:extension:largeBlob: true, webauthn:virtualAuthenticators: true}
Element: [[ChromeDriver: chrome on WINDOWS (bd68c0293afbae1661660c436137858e)] -> xpath: //div[@class='_1YokD2 _3Mn1Gg col-12-12'] //div[@class='_1AtVbE col-12-12']/div //div[@class='nZz3kj _1hNI6F']/div[2]/div[2]]
Session ID: bd68c0293afbae1661660c436137858e
at org.openqa.selenium.remote.codec.w3c.W3CHttpResponseCodec.createException(W3CHttpResponseCodec.java:200)
at org.openqa.selenium.remote.codec.w3c.W3CHttpResponseCodec.decode(W3CHttpResponseCodec.java:133)
at org.openqa.selenium.remote.codec.w3c.W3CHttpResponseCodec.decode(W3CHttpResponseCodec.java:53)
at org.openqa.selenium.remote.HttpCommandExecutor.execute(HttpCommandExecutor.java:184)
at org.openqa.selenium.remote.service.DriverCommandExecutor.invokeExecute(DriverCommandExecutor.java:167)
at org.openqa.selenium.remote.service.DriverCommandExecutor.execute(DriverCommandExecutor.java:142)
at org.openqa.selenium.remote.RemoteWebDriver.execute(RemoteWebDriver.java:558)
at org.openqa.selenium.remote.RemoteWebElement.execute(RemoteWebElement.java:251)
at org.openqa.selenium.remote.RemoteWebElement.click(RemoteWebElement.java:77)
at Assesment.FlipKart.RemoveFrmCartPLPTest.DeleteCart(RemoveFrmCartPLPTest.java:116)
at java.util.ArrayList.forEach(Unknown Source)
at java.util.concurrent.FutureTask.run(Unknown Source)
at java.util.concurrent.ThreadPoolExecutor.runWorker(Unknown Source)
at java.util.concurrent.ThreadPoolExecutor$Worker.run(Unknown Source)
at java.lang.Thread.run(Unknown Source)
... Removed 22 stack frames]]>
    </failure>
  </testcase> <!-- DeleteCart -->
</testsuite> <!-- Verify Cart Count after removing Products -->
