<?xml version="1.0" encoding="UTF-8"?>
<!-- Generated by org.testng.reporters.JUnitXMLReporter -->
<testsuite hostname="PTS-LDR-1091L66" ignored="0" name="Test" tests="5" failures="0" timestamp="2022-03-17T16:48:09 CDT" time="164.733" errors="0">
  <testcase name="SearchPrdts" time="5.551" classname="Assesment.FlipKart.SearchProductTest"/>
  <testcase name="VerifyCart" time="18.379" classname="Assesment.FlipKart.AddToCartPLPTest"/>
  <testcase name="DeleteCart" time="30.399" classname="Assesment.FlipKart.RemoveFrmCartPLPTest"/>
  <testcase name="SellerRating" time="13.663" classname="Assesment.FlipKart.GetSellerRatingTest"/>
  <testcase name="ViewAllBtn" time="1.125" classname="Assesment.FlipKart.ViewAllBtnTest"/>
</testsuite> <!-- Test -->
