<?xml version="1.0" encoding="UTF-8"?>
<!-- Generated by org.testng.reporters.JUnitXMLReporter -->
<testsuite hostname="PTS-LDR-1091L66" ignored="0" name="Verify Search Functionality" tests="5" failures="0" timestamp="2022-04-05T22:40:46 CDT" time="274.575" errors="0">
  <testcase name="runScenario" time="99.007" classname="io.cucumber.testng.AbstractTestNGCucumberTests"/>
  <testcase name="runScenario" time="78.768" classname="io.cucumber.testng.AbstractTestNGCucumberTests"/>
  <testcase name="runScenario" time="16.5" classname="io.cucumber.testng.AbstractTestNGCucumberTests"/>
  <testcase name="runScenario" time="57.69" classname="io.cucumber.testng.AbstractTestNGCucumberTests"/>
  <testcase name="runScenario" time="21.982" classname="io.cucumber.testng.AbstractTestNGCucumberTests"/>
</testsuite> <!-- Verify Search Functionality -->
