<?xml version="1.0" encoding="UTF-8"?>
<testng-results skipped="0" failed="1" ignored="0" total="5" passed="4">
  <reporter-output>
  </reporter-output>
  <suite name="Default suite" duration-ms="115995" started-at="2022-04-01T17:52:04 CDT" finished-at="2022-04-01T17:54:00 CDT">
    <groups>
      <group name="cucumber">
        <method signature="AbstractTestNGCucumberTests.runScenario(io.cucumber.testng.PickleWrapper,io.cucumber.testng.FeatureWrapper)[pri:0, instance:cucumberOptions.TestRunner@646007f4]" name="runScenario" class="io.cucumber.testng.AbstractTestNGCucumberTests"/>
      </group> <!-- cucumber -->
    </groups>
    <test name="Default test" duration-ms="115995" started-at="2022-04-01T17:52:04 CDT" finished-at="2022-04-01T17:54:00 CDT">
      <class name="cucumberOptions.TestRunner">
        <test-method status="PASS" signature="setUpClass(org.testng.ITestContext)[pri:0, instance:cucumberOptions.TestRunner@646007f4]" name="setUpClass" is-config="true" duration-ms="347" started-at="2022-04-01T17:52:04 CDT" finished-at="2022-04-01T17:52:04 CDT">
          <params>
            <param index="0">
              <value>
                <![CDATA[org.testng.TestRunner@6a9344f5]]>
              </value>
            </param>
          </params>
          <reporter-output>
          </reporter-output>
        </test-method> <!-- setUpClass -->
        <test-method status="PASS" signature="runScenario(io.cucumber.testng.PickleWrapper,io.cucumber.testng.FeatureWrapper)[pri:0, instance:cucumberOptions.TestRunner@646007f4]" name="runScenario" duration-ms="23126" started-at="2022-04-01T17:52:04 CDT" description="Runs Cucumber Scenarios" data-provider="scenarios" finished-at="2022-04-01T17:52:27 CDT">
          <params>
            <param index="0">
              <value>
                <![CDATA["Validate Cart Count increase in product listing page"]]>
              </value>
            </param>
            <param index="1">
              <value>
                <![CDATA["Optional[AddToCart Count Update]"]]>
              </value>
            </param>
          </params>
          <reporter-output>
          </reporter-output>
        </test-method> <!-- runScenario -->
        <test-method status="PASS" signature="runScenario(io.cucumber.testng.PickleWrapper,io.cucumber.testng.FeatureWrapper)[pri:0, instance:cucumberOptions.TestRunner@646007f4]" name="runScenario" duration-ms="32466" started-at="2022-04-01T17:52:27 CDT" description="Runs Cucumber Scenarios" data-provider="scenarios" finished-at="2022-04-01T17:53:00 CDT">
          <params>
            <param index="0">
              <value>
                <![CDATA["Validate Cart Count decreased in product listing page when user remove product from cart"]]>
              </value>
            </param>
            <param index="1">
              <value>
                <![CDATA["Optional[DeleteCart Count Update]"]]>
              </value>
            </param>
          </params>
          <reporter-output>
          </reporter-output>
        </test-method> <!-- runScenario -->
        <test-method status="PASS" signature="runScenario(io.cucumber.testng.PickleWrapper,io.cucumber.testng.FeatureWrapper)[pri:0, instance:cucumberOptions.TestRunner@646007f4]" name="runScenario" duration-ms="14904" started-at="2022-04-01T17:53:00 CDT" description="Runs Cucumber Scenarios" data-provider="scenarios" finished-at="2022-04-01T17:53:15 CDT">
          <params>
            <param index="0">
              <value>
                <![CDATA["Validate SearchProduct functionality"]]>
              </value>
            </param>
            <param index="1">
              <value>
                <![CDATA["Optional[SearchProduct functionality]"]]>
              </value>
            </param>
          </params>
          <reporter-output>
          </reporter-output>
        </test-method> <!-- runScenario -->
        <test-method status="PASS" signature="runScenario(io.cucumber.testng.PickleWrapper,io.cucumber.testng.FeatureWrapper)[pri:0, instance:cucumberOptions.TestRunner@646007f4]" name="runScenario" duration-ms="16586" started-at="2022-04-01T17:53:15 CDT" description="Runs Cucumber Scenarios" data-provider="scenarios" finished-at="2022-04-01T17:53:31 CDT">
          <params>
            <param index="0">
              <value>
                <![CDATA["Get SellerRating from Product Description Page PopUp"]]>
              </value>
            </param>
            <param index="1">
              <value>
                <![CDATA["Optional[Get SellerRating]"]]>
              </value>
            </param>
          </params>
          <reporter-output>
          </reporter-output>
        </test-method> <!-- runScenario -->
        <test-method status="FAIL" signature="runScenario(io.cucumber.testng.PickleWrapper,io.cucumber.testng.FeatureWrapper)[pri:0, instance:cucumberOptions.TestRunner@646007f4]" name="runScenario" duration-ms="28476" started-at="2022-04-01T17:53:31 CDT" description="Runs Cucumber Scenarios" data-provider="scenarios" finished-at="2022-04-01T17:54:00 CDT">
          <params>
            <param index="0">
              <value>
                <![CDATA["validate ViewAll functionality"]]>
              </value>
            </param>
            <param index="1">
              <value>
                <![CDATA["Optional[ViewAll functionality]"]]>
              </value>
            </param>
          </params>
          <exception class="org.openqa.selenium.NoSuchElementException">
            <message>
              <![CDATA[Unable to find element with locator By.xpath: //*[@class='_6t1WkM _3HqJxg']/div[4]/div/div[1]/div/div
For documentation on this error, please visit: https://selenium.dev/exceptions/#no_such_element
Build info: version: '4.1.2', revision: '9a5a329c5a'
System info: host: 'PTS-LDR-1091L66', ip: '192.168.0.103', os.name: 'Windows 10', os.arch: 'amd64', os.version: '10.0', java.version: '1.8.0_301'
Driver info: driver.version: RemoteWebDriver]]>
            </message>
            <full-stacktrace>
              <![CDATA[org.openqa.selenium.NoSuchElementException: Unable to find element with locator By.xpath: //*[@class='_6t1WkM _3HqJxg']/div[4]/div/div[1]/div/div
For documentation on this error, please visit: https://selenium.dev/exceptions/#no_such_element
Build info: version: '4.1.2', revision: '9a5a329c5a'
System info: host: 'PTS-LDR-1091L66', ip: '192.168.0.103', os.name: 'Windows 10', os.arch: 'amd64', os.version: '10.0', java.version: '1.8.0_301'
Driver info: driver.version: RemoteWebDriver
at org.openqa.selenium.remote.ElementLocation$ElementFinder$2.findElement(ElementLocation.java:165)
at org.openqa.selenium.remote.ElementLocation.findElement(ElementLocation.java:60)
at org.openqa.selenium.remote.RemoteWebDriver.findElement(RemoteWebDriver.java:382)
at org.openqa.selenium.remote.RemoteWebDriver.findElement(RemoteWebDriver.java:374)
at org.openqa.selenium.support.pagefactory.DefaultElementLocator.findElement(DefaultElementLocator.java:70)
at org.openqa.selenium.support.pagefactory.internal.LocatingElementHandler.invoke(LocatingElementHandler.java:39)
at com.sun.proxy.$Proxy38.click(Unknown Source)
at stepDefinitions.StepDefinition.user_click_on_view_all_button(StepDefinition.java:50)
at ✽.User click on ViewAll button(file:///C:/Users/sdharmy3/OneDrive%20-%20WBA/Desktop/Learning/Workspace/FlipKart/src/test/java/features/viewall.feature:8)
]]>
            </full-stacktrace>
          </exception> <!-- org.openqa.selenium.NoSuchElementException -->
          <reporter-output>
          </reporter-output>
        </test-method> <!-- runScenario -->
        <test-method status="PASS" signature="tearDownClass()[pri:0, instance:cucumberOptions.TestRunner@646007f4]" name="tearDownClass" is-config="true" duration-ms="29" started-at="2022-04-01T17:54:00 CDT" finished-at="2022-04-01T17:54:00 CDT">
          <reporter-output>
          </reporter-output>
        </test-method> <!-- tearDownClass -->
      </class> <!-- cucumberOptions.TestRunner -->
    </test> <!-- Default test -->
  </suite> <!-- Default suite -->
</testng-results>
